# JRE version: Java(TM) SE Runtime Environment (17.0.6+9) (build 17.0.6+9-LTS-190)
# Java VM: Java HotSpot(TM) 64-Bit Server VM (17.0.6+9-LTS-190, mixed mode, emulated-client, sharing, tiered, compressed oops, compressed class ptrs, g1 gc, windows-amd64)
GC Precious Log:
 CPUs: 20 total, 20 available
 Memory: 16108M
 Large Page Support: Disabled
 NUMA Support: Disabled
 Compressed Oops: Enabled (Zero based)
 Heap Region Size: 2M
 Heap Min Capacity: 8M
 Heap Initial Capacity: 252M
 Heap Max Capacity: 4028M
 Pre-touch: Disabled
 Parallel Workers: 15
 Concurrent Workers: 4
 Concurrent Refinement Workers: 15
 Periodic GC: Disabled
Heap:
 garbage-first heap   total 108544K, used 38517K [0x0000000704400000, 0x0000000800000000)
  region size 2048K, 5 young (10240K), 1 survivors (2048K)
 Metaspace       used 64103K, committed 64512K, reserved 1105920K
  class space    used 8492K, committed 8704K, reserved 1048576K
GC Heap History (20 events):
Event: 54160.360 GC heap before
{Heap before GC invocations=39 (full 0):
 garbage-first heap   total 108544K, used 89962K [0x0000000704400000, 0x0000000800000000)
  region size 2048K, 29 young (59392K), 1 survivors (2048K)
 Metaspace       used 64097K, committed 64512K, reserved 1105920K
  class space    used 8491K, committed 8704K, reserved 1048576K
}
Event: 54160.362 GC heap after
{Heap after GC invocations=40 (full 0):
 garbage-first heap   total 108544K, used 32514K [0x0000000704400000, 0x0000000800000000)
  region size 2048K, 1 young (2048K), 1 survivors (2048K)
 Metaspace       used 64097K, committed 64512K, reserved 1105920K
  class space    used 8491K, committed 8704K, reserved 1048576K
}
Event: 56464.924 GC heap before
{Heap before GC invocations=40 (full 0):
 garbage-first heap   total 108544K, used 89858K [0x0000000704400000, 0x0000000800000000)
  region size 2048K, 29 young (59392K), 1 survivors (2048K)
 Metaspace       used 64097K, committed 64512K, reserved 1105920K
  class space    used 8491K, committed 8704K, reserved 1048576K
}
Event: 56464.927 GC heap after
{Heap after GC invocations=41 (full 0):
 garbage-first heap   total 108544K, used 32379K [0x0000000704400000, 0x0000000800000000)
  region size 2048K, 1 young (2048K), 1 survivors (2048K)
 Metaspace       used 64097K, committed 64512K, reserved 1105920K
  class space    used 8491K, committed 8704K, reserved 1048576K
}
Event: 58704.173 GC heap before
{Heap before GC invocations=41 (full 0):
 garbage-first heap   total 108544K, used 89723K [0x0000000704400000, 0x0000000800000000)
  region size 2048K, 29 young (59392K), 1 survivors (2048K)
 Metaspace       used 64097K, committed 64512K, reserved 1105920K
  class space    used 8491K, committed 8704K, reserved 1048576K
}
Event: 58704.175 GC heap after
{Heap after GC invocations=42 (full 0):
 garbage-first heap   total 108544K, used 32407K [0x0000000704400000, 0x0000000800000000)
  region size 2048K, 1 young (2048K), 1 survivors (2048K)
 Metaspace       used 64097K, committed 64512K, reserved 1105920K
  class space    used 8491K, committed 8704K, reserved 1048576K
}
Event: 60826.776 GC heap before
{Heap before GC invocations=42 (full 0):
 garbage-first heap   total 108544K, used 89751K [0x0000000704400000, 0x0000000800000000)
  region size 2048K, 29 young (59392K), 1 survivors (2048K)
 Metaspace       used 64097K, committed 64512K, reserved 1105920K
  class space    used 8491K, committed 8704K, reserved 1048576K
}
Event: 60826.778 GC heap after
{Heap after GC invocations=43 (full 0):
 garbage-first heap   total 108544K, used 32645K [0x0000000704400000, 0x0000000800000000)
  region size 2048K, 1 young (2048K), 1 survivors (2048K)
 Metaspace       used 64097K, committed 64512K, reserved 1105920K
  class space    used 8491K, committed 8704K, reserved 1048576K
}
Event: 63112.600 GC heap before
{Heap before GC invocations=43 (full 0):
 garbage-first heap   total 108544K, used 89989K [0x0000000704400000, 0x0000000800000000)
  region size 2048K, 29 young (59392K), 1 survivors (2048K)
 Metaspace       used 64097K, committed 64512K, reserved 1105920K
  class space    used 8491K, committed 8704K, reserved 1048576K
}
Event: 63112.602 GC heap after
{Heap after GC invocations=44 (full 0):
 garbage-first heap   total 108544K, used 32500K [0x0000000704400000, 0x0000000800000000)
  region size 2048K, 1 young (2048K), 1 survivors (2048K)
 Metaspace       used 64097K, committed 64512K, reserved 1105920K
  class space    used 8491K, committed 8704K, reserved 1048576K
}
Event: 65371.899 GC heap before
{Heap before GC invocations=44 (full 0):
 garbage-first heap   total 108544K, used 89844K [0x0000000704400000, 0x0000000800000000)
  region size 2048K, 29 young (59392K), 1 survivors (2048K)
 Metaspace       used 64097K, committed 64512K, reserved 1105920K
  class space    used 8491K, committed 8704K, reserved 1048576K
}
Event: 65371.901 GC heap after
{Heap after GC invocations=45 (full 0):
 garbage-first heap   total 108544K, used 32365K [0x0000000704400000, 0x0000000800000000)
  region size 2048K, 1 young (2048K), 1 survivors (2048K)
 Metaspace       used 64097K, committed 64512K, reserved 1105920K
  class space    used 8491K, committed 8704K, reserved 1048576K
}
Event: 67642.973 GC heap before
{Heap before GC invocations=45 (full 0):
 garbage-first heap   total 108544K, used 89709K [0x0000000704400000, 0x0000000800000000)
  region size 2048K, 29 young (59392K), 1 survivors (2048K)
 Metaspace       used 64097K, committed 64512K, reserved 1105920K
  class space    used 8491K, committed 8704K, reserved 1048576K
}
Event: 67642.975 GC heap after
{Heap after GC invocations=46 (full 0):
 garbage-first heap   total 108544K, used 32405K [0x0000000704400000, 0x0000000800000000)
  region size 2048K, 1 young (2048K), 1 survivors (2048K)
 Metaspace       used 64097K, committed 64512K, reserved 1105920K
  class space    used 8491K, committed 8704K, reserved 1048576K
}
Event: 69746.527 GC heap before
{Heap before GC invocations=46 (full 0):
 garbage-first heap   total 108544K, used 89749K [0x0000000704400000, 0x0000000800000000)
  region size 2048K, 29 young (59392K), 1 survivors (2048K)
 Metaspace       used 64097K, committed 64512K, reserved 1105920K
  class space    used 8491K, committed 8704K, reserved 1048576K
}
Event: 69746.529 GC heap after
{Heap after GC invocations=47 (full 0):
 garbage-first heap   total 108544K, used 32635K [0x0000000704400000, 0x0000000800000000)
  region size 2048K, 1 young (2048K), 1 survivors (2048K)
 Metaspace       used 64097K, committed 64512K, reserved 1105920K
  class space    used 8491K, committed 8704K, reserved 1048576K
}
Event: 72146.458 GC heap before
{Heap before GC invocations=47 (full 0):
 garbage-first heap   total 108544K, used 89979K [0x0000000704400000, 0x0000000800000000)
  region size 2048K, 29 young (59392K), 1 survivors (2048K)
 Metaspace       used 64097K, committed 64512K, reserved 1105920K
  class space    used 8491K, committed 8704K, reserved 1048576K
}
Event: 72146.461 GC heap after
{Heap after GC invocations=48 (full 0):
 garbage-first heap   total 108544K, used 32453K [0x0000000704400000, 0x0000000800000000)
  region size 2048K, 1 young (2048K), 1 survivors (2048K)
 Metaspace       used 64097K, committed 64512K, reserved 1105920K
  class space    used 8491K, committed 8704K, reserved 1048576K
}
Event: 74554.142 GC heap before
{Heap before GC invocations=48 (full 0):
 garbage-first heap   total 108544K, used 89797K [0x0000000704400000, 0x0000000800000000)
  region size 2048K, 29 young (59392K), 1 survivors (2048K)
 Metaspace       used 64097K, committed 64512K, reserved 1105920K
  class space    used 8491K, committed 8704K, reserved 1048576K
}
Event: 74554.144 GC heap after
{Heap after GC invocations=49 (full 0):
 garbage-first heap   total 108544K, used 32373K [0x0000000704400000, 0x0000000800000000)
  region size 2048K, 1 young (2048K), 1 survivors (2048K)
 Metaspace       used 64097K, committed 64512K, reserved 1105920K
  class space    used 8491K, committed 8704K, reserved 1048576K
}

